<?xml version="1.0" encoding="UTF-8"?>
<!-- Generated by org.testng.reporters.JUnitXMLReporter -->
<testsuite ignored="2" hostname="DESKTOP-3BG3L5P" failures="0" tests="2" name="Test" time="0.168" errors="0" timestamp="2022-11-19T20:02:38 IST">
  <testcase classname="com.Grouping.Mobile" name="vivo" time="0.018"/>
  <testcase classname="com.Grouping.Laptop" name="dell" time="0.005"/>
  <testcase classname="com.Grouping.Laptop" name="lenovo" time="0.0">
    <ignored/>
  </testcase> <!-- lenovo -->
  <testcase classname="com.Grouping.Mobile" name="realme" time="0.0">
    <ignored/>
  </testcase> <!-- realme -->
</testsuite> <!-- Test -->
